This file contains any messages produced by compilers while
running configure, to aid debugging if configure makes a mistake.

It was created by sthttpd configure 2.27.0, which was
generated by GNU Autoconf 2.69.  Invocation command line was

  $ ./configure LDFLAGS=-Xlinker --rpath=/usr/local/cs/gcc-5.2.0/lib

## --------- ##
## Platform. ##
## --------- ##

hostname = lnxsrv09.seas.ucla.edu
uname -m = x86_64
uname -r = 3.10.0-229.11.1.el7.x86_64
uname -s = Linux
uname -v = #1 SMP Wed Jul 22 12:06:11 EDT 2015

/usr/bin/uname -p = x86_64
/bin/uname -X     = unknown

/bin/arch              = x86_64
/usr/bin/arch -k       = unknown
/usr/convex/getsysinfo = unknown
/usr/bin/hostinfo      = unknown
/bin/machine           = unknown
/usr/bin/oslevel       = unknown
/bin/universe          = unknown

PATH: /usr/local/cs/bin
PATH: /usr/lib64/qt-3.3/bin
PATH: /u/eng/ugrad/yulin/perl5/bin
PATH: /usr/local/bin
PATH: /usr/bin
PATH: /usr/X11R6/bin
PATH: /u/eng/ugrad/yulin/bin


## ----------- ##
## Core tests. ##
## ----------- ##

configure:2333: checking for a BSD-compatible install
configure:2401: result: /usr/local/cs/bin/install -c
configure:2412: checking whether build environment is sane
configure:2467: result: yes
configure:2618: checking for a thread-safe mkdir -p
configure:2657: result: /usr/local/cs/bin/mkdir -p
configure:2664: checking for gawk
configure:2680: found /usr/bin/gawk
configure:2691: result: gawk
configure:2702: checking whether make sets $(MAKE)
configure:2724: result: yes
configure:2753: checking whether make supports nested variables
configure:2770: result: yes
configure:2904: checking for gcc
configure:2920: found /usr/local/cs/bin/gcc
configure:2931: result: gcc
configure:3160: checking for C compiler version
configure:3169: gcc --version >&5
gcc (GCC) 5.2.0
Copyright (C) 2015 Free Software Foundation, Inc.
This is free software; see the source for copying conditions.  There is NO
warranty; not even for MERCHANTABILITY or FITNESS FOR A PARTICULAR PURPOSE.

configure:3180: $? = 0
configure:3169: gcc -v >&5
Using built-in specs.
COLLECT_GCC=gcc
COLLECT_LTO_WRAPPER=/usr/local/cs/gcc-5.2.0/libexec/gcc/x86_64-unknown-linux-gnu/5.2.0/lto-wrapper
Target: x86_64-unknown-linux-gnu
Configured with: ../gcc-5.2.0/configure --prefix=/usr/local/cs/gcc-5.2.0 --with-mpc-include=/usr/local/cs/include --with-mpc-lib=/usr/local/cs/lib64 --disable-multilib --disable-nls --enable-languages=c,c++,objc
Thread model: posix
gcc version 5.2.0 (GCC) 
configure:3180: $? = 0
configure:3169: gcc -V >&5
gcc: error: unrecognized command line option '-V'
gcc: fatal error: no input files
compilation terminated.
configure:3180: $? = 1
configure:3169: gcc -qversion >&5
gcc: error: unrecognized command line option '-qversion'
gcc: fatal error: no input files
compilation terminated.
configure:3180: $? = 1
configure:3200: checking whether the C compiler works
configure:3222: gcc   -Xlinker --rpath=/usr/local/cs/gcc-5.2.0/lib conftest.c  >&5
configure:3226: $? = 0
configure:3274: result: yes
configure:3277: checking for C compiler default output file name
configure:3279: result: a.out
configure:3285: checking for suffix of executables
configure:3292: gcc -o conftest   -Xlinker --rpath=/usr/local/cs/gcc-5.2.0/lib conftest.c  >&5
configure:3296: $? = 0
configure:3318: result: 
configure:3340: checking whether we are cross compiling
configure:3348: gcc -o conftest   -Xlinker --rpath=/usr/local/cs/gcc-5.2.0/lib conftest.c  >&5
configure:3352: $? = 0
configure:3359: ./conftest
configure:3363: $? = 0
configure:3378: result: no
configure:3383: checking for suffix of object files
configure:3405: gcc -c   conftest.c >&5
configure:3409: $? = 0
configure:3430: result: o
configure:3434: checking whether we are using the GNU C compiler
configure:3453: gcc -c   conftest.c >&5
configure:3453: $? = 0
configure:3462: result: yes
configure:3471: checking whether gcc accepts -g
configure:3491: gcc -c -g  conftest.c >&5
configure:3491: $? = 0
configure:3532: result: yes
configure:3549: checking for gcc option to accept ISO C89
configure:3612: gcc  -c -g -O2  conftest.c >&5
configure:3612: $? = 0
configure:3625: result: none needed
configure:3656: checking for style of include used by make
configure:3684: result: GNU
configure:3710: checking dependency style of gcc
configure:3821: result: gcc3
configure:3883: checking for ar
configure:3899: found /usr/bin/ar
configure:3910: result: ar
configure:3935: checking for crypt in -lcrypt
configure:3960: gcc -o conftest -g -O2  -Xlinker --rpath=/usr/local/cs/gcc-5.2.0/lib conftest.c -lcrypt   >&5
configure:3960: $? = 0
configure:3969: result: yes
configure:3980: checking for clock_gettime in -lrt
configure:4005: gcc -o conftest -g -O2  -Xlinker --rpath=/usr/local/cs/gcc-5.2.0/lib conftest.c -lrt  -lcrypt  >&5
configure:4005: $? = 0
configure:4014: result: yes
configure:4025: checking for resolv in -lhstrerror
configure:4050: gcc -o conftest -g -O2  -Xlinker --rpath=/usr/local/cs/gcc-5.2.0/lib conftest.c -lhstrerror  -lrt -lcrypt  >&5
/usr/bin/ld: cannot find -lhstrerror
collect2: error: ld returned 1 exit status
configure:4050: $? = 1
configure: failed program was:
| /* confdefs.h */
| #define PACKAGE_NAME "sthttpd"
| #define PACKAGE_TARNAME "sthttpd"
| #define PACKAGE_VERSION "2.27.0"
| #define PACKAGE_STRING "sthttpd 2.27.0"
| #define PACKAGE_BUGREPORT "http://opensource.dyc.edu/bugzilla3"
| #define PACKAGE_URL ""
| #define PACKAGE "sthttpd"
| #define VERSION "2.27.0"
| #define HAVE_LIBCRYPT 1
| #define HAVE_LIBRT 1
| /* end confdefs.h.  */
| 
| /* Override any GCC internal prototype to avoid an error.
|    Use char because int might match the return type of a GCC
|    builtin and then its argument prototype would still apply.  */
| #ifdef __cplusplus
| extern "C"
| #endif
| char resolv ();
| int
| main ()
| {
| return resolv ();
|   ;
|   return 0;
| }
configure:4059: result: no
configure:4077: checking how to run the C preprocessor
configure:4108: gcc -E  conftest.c
configure:4108: $? = 0
configure:4122: gcc -E  conftest.c
conftest.c:13:28: fatal error: ac_nonexistent.h: No such file or directory
compilation terminated.
configure:4122: $? = 1
configure: failed program was:
| /* confdefs.h */
| #define PACKAGE_NAME "sthttpd"
| #define PACKAGE_TARNAME "sthttpd"
| #define PACKAGE_VERSION "2.27.0"
| #define PACKAGE_STRING "sthttpd 2.27.0"
| #define PACKAGE_BUGREPORT "http://opensource.dyc.edu/bugzilla3"
| #define PACKAGE_URL ""
| #define PACKAGE "sthttpd"
| #define VERSION "2.27.0"
| #define HAVE_LIBCRYPT 1
| #define HAVE_LIBRT 1
| /* end confdefs.h.  */
| #include <ac_nonexistent.h>
configure:4147: result: gcc -E
configure:4167: gcc -E  conftest.c
configure:4167: $? = 0
configure:4181: gcc -E  conftest.c
conftest.c:13:28: fatal error: ac_nonexistent.h: No such file or directory
compilation terminated.
configure:4181: $? = 1
configure: failed program was:
| /* confdefs.h */
| #define PACKAGE_NAME "sthttpd"
| #define PACKAGE_TARNAME "sthttpd"
| #define PACKAGE_VERSION "2.27.0"
| #define PACKAGE_STRING "sthttpd 2.27.0"
| #define PACKAGE_BUGREPORT "http://opensource.dyc.edu/bugzilla3"
| #define PACKAGE_URL ""
| #define PACKAGE "sthttpd"
| #define VERSION "2.27.0"
| #define HAVE_LIBCRYPT 1
| #define HAVE_LIBRT 1
| /* end confdefs.h.  */
| #include <ac_nonexistent.h>
configure:4210: checking for grep that handles long lines and -e
configure:4268: result: /usr/local/cs/bin/grep
configure:4273: checking for egrep
configure:4335: result: /usr/local/cs/bin/grep -E
configure:4340: checking for ANSI C header files
configure:4360: gcc -c -g -O2  conftest.c >&5
configure:4360: $? = 0
configure:4433: gcc -o conftest -g -O2  -Xlinker --rpath=/usr/local/cs/gcc-5.2.0/lib conftest.c -lrt -lcrypt  >&5
configure:4433: $? = 0
configure:4433: ./conftest
configure:4433: $? = 0
configure:4444: result: yes
configure:4457: checking for sys/types.h
configure:4457: gcc -c -g -O2  conftest.c >&5
configure:4457: $? = 0
configure:4457: result: yes
configure:4457: checking for sys/stat.h
configure:4457: gcc -c -g -O2  conftest.c >&5
configure:4457: $? = 0
configure:4457: result: yes
configure:4457: checking for stdlib.h
configure:4457: gcc -c -g -O2  conftest.c >&5
configure:4457: $? = 0
configure:4457: result: yes
configure:4457: checking for string.h
configure:4457: gcc -c -g -O2  conftest.c >&5
configure:4457: $? = 0
configure:4457: result: yes
configure:4457: checking for memory.h
configure:4457: gcc -c -g -O2  conftest.c >&5
configure:4457: $? = 0
configure:4457: result: yes
configure:4457: checking for strings.h
configure:4457: gcc -c -g -O2  conftest.c >&5
configure:4457: $? = 0
configure:4457: result: yes
configure:4457: checking for inttypes.h
configure:4457: gcc -c -g -O2  conftest.c >&5
configure:4457: $? = 0
configure:4457: result: yes
configure:4457: checking for stdint.h
configure:4457: gcc -c -g -O2  conftest.c >&5
configure:4457: $? = 0
configure:4457: result: yes
configure:4457: checking for unistd.h
configure:4457: gcc -c -g -O2  conftest.c >&5
configure:4457: $? = 0
configure:4457: result: yes
configure:4472: checking arpa/inet.h usability
configure:4472: gcc -c -g -O2  conftest.c >&5
configure:4472: $? = 0
configure:4472: result: yes
configure:4472: checking arpa/inet.h presence
configure:4472: gcc -E  conftest.c
configure:4472: $? = 0
configure:4472: result: yes
configure:4472: checking for arpa/inet.h
configure:4472: result: yes
configure:4472: checking fcntl.h usability
configure:4472: gcc -c -g -O2  conftest.c >&5
configure:4472: $? = 0
configure:4472: result: yes
configure:4472: checking fcntl.h presence
configure:4472: gcc -E  conftest.c
configure:4472: $? = 0
configure:4472: result: yes
configure:4472: checking for fcntl.h
configure:4472: result: yes
configure:4472: checking grp.h usability
configure:4472: gcc -c -g -O2  conftest.c >&5
configure:4472: $? = 0
configure:4472: result: yes
configure:4472: checking grp.h presence
configure:4472: gcc -E  conftest.c
configure:4472: $? = 0
configure:4472: result: yes
configure:4472: checking for grp.h
configure:4472: result: yes
configure:4472: checking for memory.h
configure:4472: result: yes
configure:4472: checking netdb.h usability
configure:4472: gcc -c -g -O2  conftest.c >&5
configure:4472: $? = 0
configure:4472: result: yes
configure:4472: checking netdb.h presence
configure:4472: gcc -E  conftest.c
configure:4472: $? = 0
configure:4472: result: yes
configure:4472: checking for netdb.h
configure:4472: result: yes
configure:4472: checking netinet/in.h usability
configure:4472: gcc -c -g -O2  conftest.c >&5
configure:4472: $? = 0
configure:4472: result: yes
configure:4472: checking netinet/in.h presence
configure:4472: gcc -E  conftest.c
configure:4472: $? = 0
configure:4472: result: yes
configure:4472: checking for netinet/in.h
configure:4472: result: yes
configure:4472: checking osreldate.h usability
configure:4472: gcc -c -g -O2  conftest.c >&5
conftest.c:62:23: fatal error: osreldate.h: No such file or directory
compilation terminated.
configure:4472: $? = 1
configure: failed program was:
| /* confdefs.h */
| #define PACKAGE_NAME "sthttpd"
| #define PACKAGE_TARNAME "sthttpd"
| #define PACKAGE_VERSION "2.27.0"
| #define PACKAGE_STRING "sthttpd 2.27.0"
| #define PACKAGE_BUGREPORT "http://opensource.dyc.edu/bugzilla3"
| #define PACKAGE_URL ""
| #define PACKAGE "sthttpd"
| #define VERSION "2.27.0"
| #define HAVE_LIBCRYPT 1
| #define HAVE_LIBRT 1
| #define STDC_HEADERS 1
| #define HAVE_SYS_TYPES_H 1
| #define HAVE_SYS_STAT_H 1
| #define HAVE_STDLIB_H 1
| #define HAVE_STRING_H 1
| #define HAVE_MEMORY_H 1
| #define HAVE_STRINGS_H 1
| #define HAVE_INTTYPES_H 1
| #define HAVE_STDINT_H 1
| #define HAVE_UNISTD_H 1
| #define HAVE_ARPA_INET_H 1
| #define HAVE_FCNTL_H 1
| #define HAVE_GRP_H 1
| #define HAVE_MEMORY_H 1
| #define HAVE_NETDB_H 1
| #define HAVE_NETINET_IN_H 1
| /* end confdefs.h.  */
| #include <stdio.h>
| #ifdef HAVE_SYS_TYPES_H
| # include <sys/types.h>
| #endif
| #ifdef HAVE_SYS_STAT_H
| # include <sys/stat.h>
| #endif
| #ifdef STDC_HEADERS
| # include <stdlib.h>
| # include <stddef.h>
| #else
| # ifdef HAVE_STDLIB_H
| #  include <stdlib.h>
| # endif
| #endif
| #ifdef HAVE_STRING_H
| # if !defined STDC_HEADERS && defined HAVE_MEMORY_H
| #  include <memory.h>
| # endif
| # include <string.h>
| #endif
| #ifdef HAVE_STRINGS_H
| # include <strings.h>
| #endif
| #ifdef HAVE_INTTYPES_H
| # include <inttypes.h>
| #endif
| #ifdef HAVE_STDINT_H
| # include <stdint.h>
| #endif
| #ifdef HAVE_UNISTD_H
| # include <unistd.h>
| #endif
| #include <osreldate.h>
configure:4472: result: no
configure:4472: checking osreldate.h presence
configure:4472: gcc -E  conftest.c
conftest.c:29:23: fatal error: osreldate.h: No such file or directory
compilation terminated.
configure:4472: $? = 1
configure: failed program was:
| /* confdefs.h */
| #define PACKAGE_NAME "sthttpd"
| #define PACKAGE_TARNAME "sthttpd"
| #define PACKAGE_VERSION "2.27.0"
| #define PACKAGE_STRING "sthttpd 2.27.0"
| #define PACKAGE_BUGREPORT "http://opensource.dyc.edu/bugzilla3"
| #define PACKAGE_URL ""
| #define PACKAGE "sthttpd"
| #define VERSION "2.27.0"
| #define HAVE_LIBCRYPT 1
| #define HAVE_LIBRT 1
| #define STDC_HEADERS 1
| #define HAVE_SYS_TYPES_H 1
| #define HAVE_SYS_STAT_H 1
| #define HAVE_STDLIB_H 1
| #define HAVE_STRING_H 1
| #define HAVE_MEMORY_H 1
| #define HAVE_STRINGS_H 1
| #define HAVE_INTTYPES_H 1
| #define HAVE_STDINT_H 1
| #define HAVE_UNISTD_H 1
| #define HAVE_ARPA_INET_H 1
| #define HAVE_FCNTL_H 1
| #define HAVE_GRP_H 1
| #define HAVE_MEMORY_H 1
| #define HAVE_NETDB_H 1
| #define HAVE_NETINET_IN_H 1
| /* end confdefs.h.  */
| #include <osreldate.h>
configure:4472: result: no
configure:4472: checking for osreldate.h
configure:4472: result: no
configure:4472: checking paths.h usability
configure:4472: gcc -c -g -O2  conftest.c >&5
configure:4472: $? = 0
configure:4472: result: yes
configure:4472: checking paths.h presence
configure:4472: gcc -E  conftest.c
configure:4472: $? = 0
configure:4472: result: yes
configure:4472: checking for paths.h
configure:4472: result: yes
configure:4472: checking poll.h usability
configure:4472: gcc -c -g -O2  conftest.c >&5
configure:4472: $? = 0
configure:4472: result: yes
configure:4472: checking poll.h presence
configure:4472: gcc -E  conftest.c
configure:4472: $? = 0
configure:4472: result: yes
configure:4472: checking for poll.h
configure:4472: result: yes
configure:4472: checking for stdlib.h
configure:4472: result: yes
configure:4472: checking for string.h
configure:4472: result: yes
configure:4472: checking sys/devpoll.h usability
configure:4472: gcc -c -g -O2  conftest.c >&5
conftest.c:66:25: fatal error: sys/devpoll.h: No such file or directory
compilation terminated.
configure:4472: $? = 1
configure: failed program was:
| /* confdefs.h */
| #define PACKAGE_NAME "sthttpd"
| #define PACKAGE_TARNAME "sthttpd"
| #define PACKAGE_VERSION "2.27.0"
| #define PACKAGE_STRING "sthttpd 2.27.0"
| #define PACKAGE_BUGREPORT "http://opensource.dyc.edu/bugzilla3"
| #define PACKAGE_URL ""
| #define PACKAGE "sthttpd"
| #define VERSION "2.27.0"
| #define HAVE_LIBCRYPT 1
| #define HAVE_LIBRT 1
| #define STDC_HEADERS 1
| #define HAVE_SYS_TYPES_H 1
| #define HAVE_SYS_STAT_H 1
| #define HAVE_STDLIB_H 1
| #define HAVE_STRING_H 1
| #define HAVE_MEMORY_H 1
| #define HAVE_STRINGS_H 1
| #define HAVE_INTTYPES_H 1
| #define HAVE_STDINT_H 1
| #define HAVE_UNISTD_H 1
| #define HAVE_ARPA_INET_H 1
| #define HAVE_FCNTL_H 1
| #define HAVE_GRP_H 1
| #define HAVE_MEMORY_H 1
| #define HAVE_NETDB_H 1
| #define HAVE_NETINET_IN_H 1
| #define HAVE_PATHS_H 1
| #define HAVE_POLL_H 1
| #define HAVE_STDLIB_H 1
| #define HAVE_STRING_H 1
| /* end confdefs.h.  */
| #include <stdio.h>
| #ifdef HAVE_SYS_TYPES_H
| # include <sys/types.h>
| #endif
| #ifdef HAVE_SYS_STAT_H
| # include <sys/stat.h>
| #endif
| #ifdef STDC_HEADERS
| # include <stdlib.h>
| # include <stddef.h>
| #else
| # ifdef HAVE_STDLIB_H
| #  include <stdlib.h>
| # endif
| #endif
| #ifdef HAVE_STRING_H
| # if !defined STDC_HEADERS && defined HAVE_MEMORY_H
| #  include <memory.h>
| # endif
| # include <string.h>
| #endif
| #ifdef HAVE_STRINGS_H
| # include <strings.h>
| #endif
| #ifdef HAVE_INTTYPES_H
| # include <inttypes.h>
| #endif
| #ifdef HAVE_STDINT_H
| # include <stdint.h>
| #endif
| #ifdef HAVE_UNISTD_H
| # include <unistd.h>
| #endif
| #include <sys/devpoll.h>
configure:4472: result: no
configure:4472: checking sys/devpoll.h presence
configure:4472: gcc -E  conftest.c
conftest.c:33:25: fatal error: sys/devpoll.h: No such file or directory
compilation terminated.
configure:4472: $? = 1
configure: failed program was:
| /* confdefs.h */
| #define PACKAGE_NAME "sthttpd"
| #define PACKAGE_TARNAME "sthttpd"
| #define PACKAGE_VERSION "2.27.0"
| #define PACKAGE_STRING "sthttpd 2.27.0"
| #define PACKAGE_BUGREPORT "http://opensource.dyc.edu/bugzilla3"
| #define PACKAGE_URL ""
| #define PACKAGE "sthttpd"
| #define VERSION "2.27.0"
| #define HAVE_LIBCRYPT 1
| #define HAVE_LIBRT 1
| #define STDC_HEADERS 1
| #define HAVE_SYS_TYPES_H 1
| #define HAVE_SYS_STAT_H 1
| #define HAVE_STDLIB_H 1
| #define HAVE_STRING_H 1
| #define HAVE_MEMORY_H 1
| #define HAVE_STRINGS_H 1
| #define HAVE_INTTYPES_H 1
| #define HAVE_STDINT_H 1
| #define HAVE_UNISTD_H 1
| #define HAVE_ARPA_INET_H 1
| #define HAVE_FCNTL_H 1
| #define HAVE_GRP_H 1
| #define HAVE_MEMORY_H 1
| #define HAVE_NETDB_H 1
| #define HAVE_NETINET_IN_H 1
| #define HAVE_PATHS_H 1
| #define HAVE_POLL_H 1
| #define HAVE_STDLIB_H 1
| #define HAVE_STRING_H 1
| /* end confdefs.h.  */
| #include <sys/devpoll.h>
configure:4472: result: no
configure:4472: checking for sys/devpoll.h
configure:4472: result: no
configure:4472: checking sys/event.h usability
configure:4472: gcc -c -g -O2  conftest.c >&5
conftest.c:66:23: fatal error: sys/event.h: No such file or directory
compilation terminated.
configure:4472: $? = 1
configure: failed program was:
| /* confdefs.h */
| #define PACKAGE_NAME "sthttpd"
| #define PACKAGE_TARNAME "sthttpd"
| #define PACKAGE_VERSION "2.27.0"
| #define PACKAGE_STRING "sthttpd 2.27.0"
| #define PACKAGE_BUGREPORT "http://opensource.dyc.edu/bugzilla3"
| #define PACKAGE_URL ""
| #define PACKAGE "sthttpd"
| #define VERSION "2.27.0"
| #define HAVE_LIBCRYPT 1
| #define HAVE_LIBRT 1
| #define STDC_HEADERS 1
| #define HAVE_SYS_TYPES_H 1
| #define HAVE_SYS_STAT_H 1
| #define HAVE_STDLIB_H 1
| #define HAVE_STRING_H 1
| #define HAVE_MEMORY_H 1
| #define HAVE_STRINGS_H 1
| #define HAVE_INTTYPES_H 1
| #define HAVE_STDINT_H 1
| #define HAVE_UNISTD_H 1
| #define HAVE_ARPA_INET_H 1
| #define HAVE_FCNTL_H 1
| #define HAVE_GRP_H 1
| #define HAVE_MEMORY_H 1
| #define HAVE_NETDB_H 1
| #define HAVE_NETINET_IN_H 1
| #define HAVE_PATHS_H 1
| #define HAVE_POLL_H 1
| #define HAVE_STDLIB_H 1
| #define HAVE_STRING_H 1
| /* end confdefs.h.  */
| #include <stdio.h>
| #ifdef HAVE_SYS_TYPES_H
| # include <sys/types.h>
| #endif
| #ifdef HAVE_SYS_STAT_H
| # include <sys/stat.h>
| #endif
| #ifdef STDC_HEADERS
| # include <stdlib.h>
| # include <stddef.h>
| #else
| # ifdef HAVE_STDLIB_H
| #  include <stdlib.h>
| # endif
| #endif
| #ifdef HAVE_STRING_H
| # if !defined STDC_HEADERS && defined HAVE_MEMORY_H
| #  include <memory.h>
| # endif
| # include <string.h>
| #endif
| #ifdef HAVE_STRINGS_H
| # include <strings.h>
| #endif
| #ifdef HAVE_INTTYPES_H
| # include <inttypes.h>
| #endif
| #ifdef HAVE_STDINT_H
| # include <stdint.h>
| #endif
| #ifdef HAVE_UNISTD_H
| # include <unistd.h>
| #endif
| #include <sys/event.h>
configure:4472: result: no
configure:4472: checking sys/event.h presence
configure:4472: gcc -E  conftest.c
conftest.c:33:23: fatal error: sys/event.h: No such file or directory
compilation terminated.
configure:4472: $? = 1
configure: failed program was:
| /* confdefs.h */
| #define PACKAGE_NAME "sthttpd"
| #define PACKAGE_TARNAME "sthttpd"
| #define PACKAGE_VERSION "2.27.0"
| #define PACKAGE_STRING "sthttpd 2.27.0"
| #define PACKAGE_BUGREPORT "http://opensource.dyc.edu/bugzilla3"
| #define PACKAGE_URL ""
| #define PACKAGE "sthttpd"
| #define VERSION "2.27.0"
| #define HAVE_LIBCRYPT 1
| #define HAVE_LIBRT 1
| #define STDC_HEADERS 1
| #define HAVE_SYS_TYPES_H 1
| #define HAVE_SYS_STAT_H 1
| #define HAVE_STDLIB_H 1
| #define HAVE_STRING_H 1
| #define HAVE_MEMORY_H 1
| #define HAVE_STRINGS_H 1
| #define HAVE_INTTYPES_H 1
| #define HAVE_STDINT_H 1
| #define HAVE_UNISTD_H 1
| #define HAVE_ARPA_INET_H 1
| #define HAVE_FCNTL_H 1
| #define HAVE_GRP_H 1
| #define HAVE_MEMORY_H 1
| #define HAVE_NETDB_H 1
| #define HAVE_NETINET_IN_H 1
| #define HAVE_PATHS_H 1
| #define HAVE_POLL_H 1
| #define HAVE_STDLIB_H 1
| #define HAVE_STRING_H 1
| /* end confdefs.h.  */
| #include <sys/event.h>
configure:4472: result: no
configure:4472: checking for sys/event.h
configure:4472: result: no
configure:4472: checking sys/param.h usability
configure:4472: gcc -c -g -O2  conftest.c >&5
configure:4472: $? = 0
configure:4472: result: yes
configure:4472: checking sys/param.h presence
configure:4472: gcc -E  conftest.c
configure:4472: $? = 0
configure:4472: result: yes
configure:4472: checking for sys/param.h
configure:4472: result: yes
configure:4472: checking sys/poll.h usability
configure:4472: gcc -c -g -O2  conftest.c >&5
configure:4472: $? = 0
configure:4472: result: yes
configure:4472: checking sys/poll.h presence
configure:4472: gcc -E  conftest.c
configure:4472: $? = 0
configure:4472: result: yes
configure:4472: checking for sys/poll.h
configure:4472: result: yes
configure:4472: checking sys/socket.h usability
configure:4472: gcc -c -g -O2  conftest.c >&5
configure:4472: $? = 0
configure:4472: result: yes
configure:4472: checking sys/socket.h presence
configure:4472: gcc -E  conftest.c
configure:4472: $? = 0
configure:4472: result: yes
configure:4472: checking for sys/socket.h
configure:4472: result: yes
configure:4472: checking sys/time.h usability
configure:4472: gcc -c -g -O2  conftest.c >&5
configure:4472: $? = 0
configure:4472: result: yes
configure:4472: checking sys/time.h presence
configure:4472: gcc -E  conftest.c
configure:4472: $? = 0
configure:4472: result: yes
configure:4472: checking for sys/time.h
configure:4472: result: yes
configure:4472: checking syslog.h usability
configure:4472: gcc -c -g -O2  conftest.c >&5
configure:4472: $? = 0
configure:4472: result: yes
configure:4472: checking syslog.h presence
configure:4472: gcc -E  conftest.c
configure:4472: $? = 0
configure:4472: result: yes
configure:4472: checking for syslog.h
configure:4472: result: yes
configure:4472: checking for unistd.h
configure:4472: result: yes
configure:4482: checking whether time.h and sys/time.h may both be included
configure:4502: gcc -c -g -O2  conftest.c >&5
configure:4502: $? = 0
configure:4509: result: yes
configure:4520: checking for dirent.h that defines DIR
configure:4539: gcc -c -g -O2  conftest.c >&5
configure:4539: $? = 0
configure:4547: result: yes
configure:4560: checking for library containing opendir
configure:4591: gcc -o conftest -g -O2  -Xlinker --rpath=/usr/local/cs/gcc-5.2.0/lib conftest.c -lrt -lcrypt  >&5
configure:4591: $? = 0
configure:4608: result: none required
configure:4718: checking for ranlib
configure:4734: found /usr/bin/ranlib
configure:4745: result: ranlib
configure:4769: checking for uid_t in sys/types.h
configure:4788: result: yes
configure:4799: checking for int64_t
configure:4799: gcc -c -g -O2  conftest.c >&5
configure:4799: $? = 0
configure:4799: gcc -c -g -O2  conftest.c >&5
conftest.c: In function 'main':
conftest.c:79:53: warning: integer overflow in expression [-Woverflow]
    < (int64_t) (((((int64_t) 1 << N) << N) - 1) * 2 + 2))];
                                                     ^
conftest.c:78:12: error: storage size of 'test_array' isn't constant
 static int test_array [1 - 2 * !((int64_t) (((((int64_t) 1 << N) << N) - 1) * 2 + 1)
            ^
configure:4799: $? = 1
configure: failed program was:
| /* confdefs.h */
| #define PACKAGE_NAME "sthttpd"
| #define PACKAGE_TARNAME "sthttpd"
| #define PACKAGE_VERSION "2.27.0"
| #define PACKAGE_STRING "sthttpd 2.27.0"
| #define PACKAGE_BUGREPORT "http://opensource.dyc.edu/bugzilla3"
| #define PACKAGE_URL ""
| #define PACKAGE "sthttpd"
| #define VERSION "2.27.0"
| #define HAVE_LIBCRYPT 1
| #define HAVE_LIBRT 1
| #define STDC_HEADERS 1
| #define HAVE_SYS_TYPES_H 1
| #define HAVE_SYS_STAT_H 1
| #define HAVE_STDLIB_H 1
| #define HAVE_STRING_H 1
| #define HAVE_MEMORY_H 1
| #define HAVE_STRINGS_H 1
| #define HAVE_INTTYPES_H 1
| #define HAVE_STDINT_H 1
| #define HAVE_UNISTD_H 1
| #define HAVE_ARPA_INET_H 1
| #define HAVE_FCNTL_H 1
| #define HAVE_GRP_H 1
| #define HAVE_MEMORY_H 1
| #define HAVE_NETDB_H 1
| #define HAVE_NETINET_IN_H 1
| #define HAVE_PATHS_H 1
| #define HAVE_POLL_H 1
| #define HAVE_STDLIB_H 1
| #define HAVE_STRING_H 1
| #define HAVE_SYS_PARAM_H 1
| #define HAVE_SYS_POLL_H 1
| #define HAVE_SYS_SOCKET_H 1
| #define HAVE_SYS_TIME_H 1
| #define HAVE_SYSLOG_H 1
| #define HAVE_UNISTD_H 1
| #define TIME_WITH_SYS_TIME 1
| #define HAVE_DIRENT_H 1
| /* end confdefs.h.  */
| #include <stdio.h>
| #ifdef HAVE_SYS_TYPES_H
| # include <sys/types.h>
| #endif
| #ifdef HAVE_SYS_STAT_H
| # include <sys/stat.h>
| #endif
| #ifdef STDC_HEADERS
| # include <stdlib.h>
| # include <stddef.h>
| #else
| # ifdef HAVE_STDLIB_H
| #  include <stdlib.h>
| # endif
| #endif
| #ifdef HAVE_STRING_H
| # if !defined STDC_HEADERS && defined HAVE_MEMORY_H
| #  include <memory.h>
| # endif
| # include <string.h>
| #endif
| #ifdef HAVE_STRINGS_H
| # include <strings.h>
| #endif
| #ifdef HAVE_INTTYPES_H
| # include <inttypes.h>
| #endif
| #ifdef HAVE_STDINT_H
| # include <stdint.h>
| #endif
| #ifdef HAVE_UNISTD_H
| # include <unistd.h>
| #endif
| 	        enum { N = 64 / 2 - 1 };
| int
| main ()
| {
| static int test_array [1 - 2 * !((int64_t) (((((int64_t) 1 << N) << N) - 1) * 2 + 1)
| 		 < (int64_t) (((((int64_t) 1 << N) << N) - 1) * 2 + 2))];
| test_array [0] = 0;
| return test_array [0];
| 
|   ;
|   return 0;
| }
configure:4799: result: yes
configure:4810: checking for off_t
configure:4810: gcc -c -g -O2  conftest.c >&5
configure:4810: $? = 0
configure:4810: gcc -c -g -O2  conftest.c >&5
conftest.c: In function 'main':
conftest.c:77:20: error: expected expression before ')' token
 if (sizeof ((off_t)))
                    ^
configure:4810: $? = 1
configure: failed program was:
| /* confdefs.h */
| #define PACKAGE_NAME "sthttpd"
| #define PACKAGE_TARNAME "sthttpd"
| #define PACKAGE_VERSION "2.27.0"
| #define PACKAGE_STRING "sthttpd 2.27.0"
| #define PACKAGE_BUGREPORT "http://opensource.dyc.edu/bugzilla3"
| #define PACKAGE_URL ""
| #define PACKAGE "sthttpd"
| #define VERSION "2.27.0"
| #define HAVE_LIBCRYPT 1
| #define HAVE_LIBRT 1
| #define STDC_HEADERS 1
| #define HAVE_SYS_TYPES_H 1
| #define HAVE_SYS_STAT_H 1
| #define HAVE_STDLIB_H 1
| #define HAVE_STRING_H 1
| #define HAVE_MEMORY_H 1
| #define HAVE_STRINGS_H 1
| #define HAVE_INTTYPES_H 1
| #define HAVE_STDINT_H 1
| #define HAVE_UNISTD_H 1
| #define HAVE_ARPA_INET_H 1
| #define HAVE_FCNTL_H 1
| #define HAVE_GRP_H 1
| #define HAVE_MEMORY_H 1
| #define HAVE_NETDB_H 1
| #define HAVE_NETINET_IN_H 1
| #define HAVE_PATHS_H 1
| #define HAVE_POLL_H 1
| #define HAVE_STDLIB_H 1
| #define HAVE_STRING_H 1
| #define HAVE_SYS_PARAM_H 1
| #define HAVE_SYS_POLL_H 1
| #define HAVE_SYS_SOCKET_H 1
| #define HAVE_SYS_TIME_H 1
| #define HAVE_SYSLOG_H 1
| #define HAVE_UNISTD_H 1
| #define TIME_WITH_SYS_TIME 1
| #define HAVE_DIRENT_H 1
| /* end confdefs.h.  */
| #include <stdio.h>
| #ifdef HAVE_SYS_TYPES_H
| # include <sys/types.h>
| #endif
| #ifdef HAVE_SYS_STAT_H
| # include <sys/stat.h>
| #endif
| #ifdef STDC_HEADERS
| # include <stdlib.h>
| # include <stddef.h>
| #else
| # ifdef HAVE_STDLIB_H
| #  include <stdlib.h>
| # endif
| #endif
| #ifdef HAVE_STRING_H
| # if !defined STDC_HEADERS && defined HAVE_MEMORY_H
| #  include <memory.h>
| # endif
| # include <string.h>
| #endif
| #ifdef HAVE_STRINGS_H
| # include <strings.h>
| #endif
| #ifdef HAVE_INTTYPES_H
| # include <inttypes.h>
| #endif
| #ifdef HAVE_STDINT_H
| # include <stdint.h>
| #endif
| #ifdef HAVE_UNISTD_H
| # include <unistd.h>
| #endif
| int
| main ()
| {
| if (sizeof ((off_t)))
| 	    return 0;
|   ;
|   return 0;
| }
configure:4810: result: yes
configure:4821: checking for pid_t
configure:4821: gcc -c -g -O2  conftest.c >&5
configure:4821: $? = 0
configure:4821: gcc -c -g -O2  conftest.c >&5
conftest.c: In function 'main':
conftest.c:77:20: error: expected expression before ')' token
 if (sizeof ((pid_t)))
                    ^
configure:4821: $? = 1
configure: failed program was:
| /* confdefs.h */
| #define PACKAGE_NAME "sthttpd"
| #define PACKAGE_TARNAME "sthttpd"
| #define PACKAGE_VERSION "2.27.0"
| #define PACKAGE_STRING "sthttpd 2.27.0"
| #define PACKAGE_BUGREPORT "http://opensource.dyc.edu/bugzilla3"
| #define PACKAGE_URL ""
| #define PACKAGE "sthttpd"
| #define VERSION "2.27.0"
| #define HAVE_LIBCRYPT 1
| #define HAVE_LIBRT 1
| #define STDC_HEADERS 1
| #define HAVE_SYS_TYPES_H 1
| #define HAVE_SYS_STAT_H 1
| #define HAVE_STDLIB_H 1
| #define HAVE_STRING_H 1
| #define HAVE_MEMORY_H 1
| #define HAVE_STRINGS_H 1
| #define HAVE_INTTYPES_H 1
| #define HAVE_STDINT_H 1
| #define HAVE_UNISTD_H 1
| #define HAVE_ARPA_INET_H 1
| #define HAVE_FCNTL_H 1
| #define HAVE_GRP_H 1
| #define HAVE_MEMORY_H 1
| #define HAVE_NETDB_H 1
| #define HAVE_NETINET_IN_H 1
| #define HAVE_PATHS_H 1
| #define HAVE_POLL_H 1
| #define HAVE_STDLIB_H 1
| #define HAVE_STRING_H 1
| #define HAVE_SYS_PARAM_H 1
| #define HAVE_SYS_POLL_H 1
| #define HAVE_SYS_SOCKET_H 1
| #define HAVE_SYS_TIME_H 1
| #define HAVE_SYSLOG_H 1
| #define HAVE_UNISTD_H 1
| #define TIME_WITH_SYS_TIME 1
| #define HAVE_DIRENT_H 1
| /* end confdefs.h.  */
| #include <stdio.h>
| #ifdef HAVE_SYS_TYPES_H
| # include <sys/types.h>
| #endif
| #ifdef HAVE_SYS_STAT_H
| # include <sys/stat.h>
| #endif
| #ifdef STDC_HEADERS
| # include <stdlib.h>
| # include <stddef.h>
| #else
| # ifdef HAVE_STDLIB_H
| #  include <stdlib.h>
| # endif
| #endif
| #ifdef HAVE_STRING_H
| # if !defined STDC_HEADERS && defined HAVE_MEMORY_H
| #  include <memory.h>
| # endif
| # include <string.h>
| #endif
| #ifdef HAVE_STRINGS_H
| # include <strings.h>
| #endif
| #ifdef HAVE_INTTYPES_H
| # include <inttypes.h>
| #endif
| #ifdef HAVE_STDINT_H
| # include <stdint.h>
| #endif
| #ifdef HAVE_UNISTD_H
| # include <unistd.h>
| #endif
| int
| main ()
| {
| if (sizeof ((pid_t)))
| 	    return 0;
|   ;
|   return 0;
| }
configure:4821: result: yes
configure:4832: checking for size_t
configure:4832: gcc -c -g -O2  conftest.c >&5
configure:4832: $? = 0
configure:4832: gcc -c -g -O2  conftest.c >&5
conftest.c: In function 'main':
conftest.c:77:21: error: expected expression before ')' token
 if (sizeof ((size_t)))
                     ^
configure:4832: $? = 1
configure: failed program was:
| /* confdefs.h */
| #define PACKAGE_NAME "sthttpd"
| #define PACKAGE_TARNAME "sthttpd"
| #define PACKAGE_VERSION "2.27.0"
| #define PACKAGE_STRING "sthttpd 2.27.0"
| #define PACKAGE_BUGREPORT "http://opensource.dyc.edu/bugzilla3"
| #define PACKAGE_URL ""
| #define PACKAGE "sthttpd"
| #define VERSION "2.27.0"
| #define HAVE_LIBCRYPT 1
| #define HAVE_LIBRT 1
| #define STDC_HEADERS 1
| #define HAVE_SYS_TYPES_H 1
| #define HAVE_SYS_STAT_H 1
| #define HAVE_STDLIB_H 1
| #define HAVE_STRING_H 1
| #define HAVE_MEMORY_H 1
| #define HAVE_STRINGS_H 1
| #define HAVE_INTTYPES_H 1
| #define HAVE_STDINT_H 1
| #define HAVE_UNISTD_H 1
| #define HAVE_ARPA_INET_H 1
| #define HAVE_FCNTL_H 1
| #define HAVE_GRP_H 1
| #define HAVE_MEMORY_H 1
| #define HAVE_NETDB_H 1
| #define HAVE_NETINET_IN_H 1
| #define HAVE_PATHS_H 1
| #define HAVE_POLL_H 1
| #define HAVE_STDLIB_H 1
| #define HAVE_STRING_H 1
| #define HAVE_SYS_PARAM_H 1
| #define HAVE_SYS_POLL_H 1
| #define HAVE_SYS_SOCKET_H 1
| #define HAVE_SYS_TIME_H 1
| #define HAVE_SYSLOG_H 1
| #define HAVE_UNISTD_H 1
| #define TIME_WITH_SYS_TIME 1
| #define HAVE_DIRENT_H 1
| /* end confdefs.h.  */
| #include <stdio.h>
| #ifdef HAVE_SYS_TYPES_H
| # include <sys/types.h>
| #endif
| #ifdef HAVE_SYS_STAT_H
| # include <sys/stat.h>
| #endif
| #ifdef STDC_HEADERS
| # include <stdlib.h>
| # include <stddef.h>
| #else
| # ifdef HAVE_STDLIB_H
| #  include <stdlib.h>
| # endif
| #endif
| #ifdef HAVE_STRING_H
| # if !defined STDC_HEADERS && defined HAVE_MEMORY_H
| #  include <memory.h>
| # endif
| # include <string.h>
| #endif
| #ifdef HAVE_STRINGS_H
| # include <strings.h>
| #endif
| #ifdef HAVE_INTTYPES_H
| # include <inttypes.h>
| #endif
| #ifdef HAVE_STDINT_H
| # include <stdint.h>
| #endif
| #ifdef HAVE_UNISTD_H
| # include <unistd.h>
| #endif
| int
| main ()
| {
| if (sizeof ((size_t)))
| 	    return 0;
|   ;
|   return 0;
| }
configure:4832: result: yes
configure:4843: checking for ssize_t
configure:4843: gcc -c -g -O2  conftest.c >&5
configure:4843: $? = 0
configure:4843: gcc -c -g -O2  conftest.c >&5
conftest.c: In function 'main':
conftest.c:77:22: error: expected expression before ')' token
 if (sizeof ((ssize_t)))
                      ^
configure:4843: $? = 1
configure: failed program was:
| /* confdefs.h */
| #define PACKAGE_NAME "sthttpd"
| #define PACKAGE_TARNAME "sthttpd"
| #define PACKAGE_VERSION "2.27.0"
| #define PACKAGE_STRING "sthttpd 2.27.0"
| #define PACKAGE_BUGREPORT "http://opensource.dyc.edu/bugzilla3"
| #define PACKAGE_URL ""
| #define PACKAGE "sthttpd"
| #define VERSION "2.27.0"
| #define HAVE_LIBCRYPT 1
| #define HAVE_LIBRT 1
| #define STDC_HEADERS 1
| #define HAVE_SYS_TYPES_H 1
| #define HAVE_SYS_STAT_H 1
| #define HAVE_STDLIB_H 1
| #define HAVE_STRING_H 1
| #define HAVE_MEMORY_H 1
| #define HAVE_STRINGS_H 1
| #define HAVE_INTTYPES_H 1
| #define HAVE_STDINT_H 1
| #define HAVE_UNISTD_H 1
| #define HAVE_ARPA_INET_H 1
| #define HAVE_FCNTL_H 1
| #define HAVE_GRP_H 1
| #define HAVE_MEMORY_H 1
| #define HAVE_NETDB_H 1
| #define HAVE_NETINET_IN_H 1
| #define HAVE_PATHS_H 1
| #define HAVE_POLL_H 1
| #define HAVE_STDLIB_H 1
| #define HAVE_STRING_H 1
| #define HAVE_SYS_PARAM_H 1
| #define HAVE_SYS_POLL_H 1
| #define HAVE_SYS_SOCKET_H 1
| #define HAVE_SYS_TIME_H 1
| #define HAVE_SYSLOG_H 1
| #define HAVE_UNISTD_H 1
| #define TIME_WITH_SYS_TIME 1
| #define HAVE_DIRENT_H 1
| /* end confdefs.h.  */
| #include <stdio.h>
| #ifdef HAVE_SYS_TYPES_H
| # include <sys/types.h>
| #endif
| #ifdef HAVE_SYS_STAT_H
| # include <sys/stat.h>
| #endif
| #ifdef STDC_HEADERS
| # include <stdlib.h>
| # include <stddef.h>
| #else
| # ifdef HAVE_STDLIB_H
| #  include <stdlib.h>
| # endif
| #endif
| #ifdef HAVE_STRING_H
| # if !defined STDC_HEADERS && defined HAVE_MEMORY_H
| #  include <memory.h>
| # endif
| # include <string.h>
| #endif
| #ifdef HAVE_STRINGS_H
| # include <strings.h>
| #endif
| #ifdef HAVE_INTTYPES_H
| # include <inttypes.h>
| #endif
| #ifdef HAVE_STDINT_H
| # include <stdint.h>
| #endif
| #ifdef HAVE_UNISTD_H
| # include <unistd.h>
| #endif
| int
| main ()
| {
| if (sizeof ((ssize_t)))
| 	    return 0;
|   ;
|   return 0;
| }
configure:4843: result: yes
configure:4858: checking for unistd.h
configure:4858: result: yes
configure:4868: checking for working chown
configure:4901: gcc -o conftest -g -O2  -Xlinker --rpath=/usr/local/cs/gcc-5.2.0/lib conftest.c -lrt -lcrypt  >&5
configure:4901: $? = 0
configure:4901: ./conftest
configure:4901: $? = 0
configure:4913: result: yes
configure:4923: checking vfork.h usability
configure:4923: gcc -c -g -O2  conftest.c >&5
conftest.c:76:19: fatal error: vfork.h: No such file or directory
compilation terminated.
configure:4923: $? = 1
configure: failed program was:
| /* confdefs.h */
| #define PACKAGE_NAME "sthttpd"
| #define PACKAGE_TARNAME "sthttpd"
| #define PACKAGE_VERSION "2.27.0"
| #define PACKAGE_STRING "sthttpd 2.27.0"
| #define PACKAGE_BUGREPORT "http://opensource.dyc.edu/bugzilla3"
| #define PACKAGE_URL ""
| #define PACKAGE "sthttpd"
| #define VERSION "2.27.0"
| #define HAVE_LIBCRYPT 1
| #define HAVE_LIBRT 1
| #define STDC_HEADERS 1
| #define HAVE_SYS_TYPES_H 1
| #define HAVE_SYS_STAT_H 1
| #define HAVE_STDLIB_H 1
| #define HAVE_STRING_H 1
| #define HAVE_MEMORY_H 1
| #define HAVE_STRINGS_H 1
| #define HAVE_INTTYPES_H 1
| #define HAVE_STDINT_H 1
| #define HAVE_UNISTD_H 1
| #define HAVE_ARPA_INET_H 1
| #define HAVE_FCNTL_H 1
| #define HAVE_GRP_H 1
| #define HAVE_MEMORY_H 1
| #define HAVE_NETDB_H 1
| #define HAVE_NETINET_IN_H 1
| #define HAVE_PATHS_H 1
| #define HAVE_POLL_H 1
| #define HAVE_STDLIB_H 1
| #define HAVE_STRING_H 1
| #define HAVE_SYS_PARAM_H 1
| #define HAVE_SYS_POLL_H 1
| #define HAVE_SYS_SOCKET_H 1
| #define HAVE_SYS_TIME_H 1
| #define HAVE_SYSLOG_H 1
| #define HAVE_UNISTD_H 1
| #define TIME_WITH_SYS_TIME 1
| #define HAVE_DIRENT_H 1
| #define HAVE_UNISTD_H 1
| #define HAVE_CHOWN 1
| /* end confdefs.h.  */
| #include <stdio.h>
| #ifdef HAVE_SYS_TYPES_H
| # include <sys/types.h>
| #endif
| #ifdef HAVE_SYS_STAT_H
| # include <sys/stat.h>
| #endif
| #ifdef STDC_HEADERS
| # include <stdlib.h>
| # include <stddef.h>
| #else
| # ifdef HAVE_STDLIB_H
| #  include <stdlib.h>
| # endif
| #endif
| #ifdef HAVE_STRING_H
| # if !defined STDC_HEADERS && defined HAVE_MEMORY_H
| #  include <memory.h>
| # endif
| # include <string.h>
| #endif
| #ifdef HAVE_STRINGS_H
| # include <strings.h>
| #endif
| #ifdef HAVE_INTTYPES_H
| # include <inttypes.h>
| #endif
| #ifdef HAVE_STDINT_H
| # include <stdint.h>
| #endif
| #ifdef HAVE_UNISTD_H
| # include <unistd.h>
| #endif
| #include <vfork.h>
configure:4923: result: no
configure:4923: checking vfork.h presence
configure:4923: gcc -E  conftest.c
conftest.c:43:19: fatal error: vfork.h: No such file or directory
compilation terminated.
configure:4923: $? = 1
configure: failed program was:
| /* confdefs.h */
| #define PACKAGE_NAME "sthttpd"
| #define PACKAGE_TARNAME "sthttpd"
| #define PACKAGE_VERSION "2.27.0"
| #define PACKAGE_STRING "sthttpd 2.27.0"
| #define PACKAGE_BUGREPORT "http://opensource.dyc.edu/bugzilla3"
| #define PACKAGE_URL ""
| #define PACKAGE "sthttpd"
| #define VERSION "2.27.0"
| #define HAVE_LIBCRYPT 1
| #define HAVE_LIBRT 1
| #define STDC_HEADERS 1
| #define HAVE_SYS_TYPES_H 1
| #define HAVE_SYS_STAT_H 1
| #define HAVE_STDLIB_H 1
| #define HAVE_STRING_H 1
| #define HAVE_MEMORY_H 1
| #define HAVE_STRINGS_H 1
| #define HAVE_INTTYPES_H 1
| #define HAVE_STDINT_H 1
| #define HAVE_UNISTD_H 1
| #define HAVE_ARPA_INET_H 1
| #define HAVE_FCNTL_H 1
| #define HAVE_GRP_H 1
| #define HAVE_MEMORY_H 1
| #define HAVE_NETDB_H 1
| #define HAVE_NETINET_IN_H 1
| #define HAVE_PATHS_H 1
| #define HAVE_POLL_H 1
| #define HAVE_STDLIB_H 1
| #define HAVE_STRING_H 1
| #define HAVE_SYS_PARAM_H 1
| #define HAVE_SYS_POLL_H 1
| #define HAVE_SYS_SOCKET_H 1
| #define HAVE_SYS_TIME_H 1
| #define HAVE_SYSLOG_H 1
| #define HAVE_UNISTD_H 1
| #define TIME_WITH_SYS_TIME 1
| #define HAVE_DIRENT_H 1
| #define HAVE_UNISTD_H 1
| #define HAVE_CHOWN 1
| /* end confdefs.h.  */
| #include <vfork.h>
configure:4923: result: no
configure:4923: checking for vfork.h
configure:4923: result: no
configure:4936: checking for fork
configure:4936: gcc -o conftest -g -O2  -Xlinker --rpath=/usr/local/cs/gcc-5.2.0/lib conftest.c -lrt -lcrypt  >&5
conftest.c:66:6: warning: conflicting types for built-in function 'fork'
 char fork ();
      ^
configure:4936: $? = 0
configure:4936: result: yes
configure:4936: checking for vfork
configure:4936: gcc -o conftest -g -O2  -Xlinker --rpath=/usr/local/cs/gcc-5.2.0/lib conftest.c -lrt -lcrypt  >&5
configure:4936: $? = 0
configure:4936: result: yes
configure:4946: checking for working fork
configure:4968: gcc -o conftest -g -O2  -Xlinker --rpath=/usr/local/cs/gcc-5.2.0/lib conftest.c -lrt -lcrypt  >&5
configure:4968: $? = 0
configure:4968: ./conftest
configure:4968: $? = 0
configure:4978: result: yes
configure:4999: checking for working vfork
configure:5109: result: yes
configure:5134: checking whether lstat correctly handles trailing slash
configure:5160: gcc -o conftest -g -O2  -Xlinker --rpath=/usr/local/cs/gcc-5.2.0/lib conftest.c -lrt -lcrypt  >&5
configure:5160: $? = 0
configure:5160: ./conftest
configure:5160: $? = 0
configure:5177: result: yes
configure:5198: checking for stdlib.h
configure:5198: result: yes
configure:5208: checking for GNU libc compatible malloc
configure:5232: gcc -o conftest -g -O2  -Xlinker --rpath=/usr/local/cs/gcc-5.2.0/lib conftest.c -lrt -lcrypt  >&5
configure:5232: $? = 0
configure:5232: ./conftest
configure:5232: $? = 0
configure:5242: result: yes
configure:5269: checking for stdlib.h
configure:5269: result: yes
configure:5269: checking for unistd.h
configure:5269: result: yes
configure:5269: checking for sys/param.h
configure:5269: result: yes
configure:5289: checking for getpagesize
configure:5289: gcc -o conftest -g -O2  -Xlinker --rpath=/usr/local/cs/gcc-5.2.0/lib conftest.c -lrt -lcrypt  >&5
configure:5289: $? = 0
configure:5289: result: yes
configure:5298: checking for working mmap
configure:5445: gcc -o conftest -g -O2  -Xlinker --rpath=/usr/local/cs/gcc-5.2.0/lib conftest.c -lrt -lcrypt  >&5
configure:5445: $? = 0
configure:5445: ./conftest
configure:5445: $? = 0
configure:5455: result: yes
configure:5464: checking for wait3 that fills in rusage
configure:5510: gcc -o conftest -g -O2  -Xlinker --rpath=/usr/local/cs/gcc-5.2.0/lib conftest.c -lrt -lcrypt  >&5
configure:5510: $? = 0
configure:5510: ./conftest
configure:5510: $? = 0
configure:5520: result: yes
configure:5531: checking for alarm
configure:5531: gcc -o conftest -g -O2  -Xlinker --rpath=/usr/local/cs/gcc-5.2.0/lib conftest.c -lrt -lcrypt  >&5
configure:5531: $? = 0
configure:5531: result: yes
configure:5531: checking for atoll
configure:5531: gcc -o conftest -g -O2  -Xlinker --rpath=/usr/local/cs/gcc-5.2.0/lib conftest.c -lrt -lcrypt  >&5
configure:5531: $? = 0
configure:5531: result: yes
configure:5531: checking for bzero
configure:5531: gcc -o conftest -g -O2  -Xlinker --rpath=/usr/local/cs/gcc-5.2.0/lib conftest.c -lrt -lcrypt  >&5
conftest.c:81:6: warning: conflicting types for built-in function 'bzero'
 char bzero ();
      ^
configure:5531: $? = 0
configure:5531: result: yes
configure:5531: checking for clock_gettime
configure:5531: gcc -o conftest -g -O2  -Xlinker --rpath=/usr/local/cs/gcc-5.2.0/lib conftest.c -lrt -lcrypt  >&5
configure:5531: $? = 0
configure:5531: result: yes
configure:5531: checking for daemon
configure:5531: gcc -o conftest -g -O2  -Xlinker --rpath=/usr/local/cs/gcc-5.2.0/lib conftest.c -lrt -lcrypt  >&5
configure:5531: $? = 0
configure:5531: result: yes
configure:5531: checking for dup2
configure:5531: gcc -o conftest -g -O2  -Xlinker --rpath=/usr/local/cs/gcc-5.2.0/lib conftest.c -lrt -lcrypt  >&5
configure:5531: $? = 0
configure:5531: result: yes
configure:5531: checking for gai_strerror
configure:5531: gcc -o conftest -g -O2  -Xlinker --rpath=/usr/local/cs/gcc-5.2.0/lib conftest.c -lrt -lcrypt  >&5
configure:5531: $? = 0
configure:5531: result: yes
configure:5531: checking for getcwd
configure:5531: gcc -o conftest -g -O2  -Xlinker --rpath=/usr/local/cs/gcc-5.2.0/lib conftest.c -lrt -lcrypt  >&5
configure:5531: $? = 0
configure:5531: result: yes
configure:5531: checking for getaddrinfo
configure:5531: gcc -o conftest -g -O2  -Xlinker --rpath=/usr/local/cs/gcc-5.2.0/lib conftest.c -lrt -lcrypt  >&5
configure:5531: $? = 0
configure:5531: result: yes
configure:5531: checking for gethostbyname
configure:5531: gcc -o conftest -g -O2  -Xlinker --rpath=/usr/local/cs/gcc-5.2.0/lib conftest.c -lrt -lcrypt  >&5
configure:5531: $? = 0
configure:5531: result: yes
configure:5531: checking for gethostname
configure:5531: gcc -o conftest -g -O2  -Xlinker --rpath=/usr/local/cs/gcc-5.2.0/lib conftest.c -lrt -lcrypt  >&5
configure:5531: $? = 0
configure:5531: result: yes
configure:5531: checking for getnameinfo
configure:5531: gcc -o conftest -g -O2  -Xlinker --rpath=/usr/local/cs/gcc-5.2.0/lib conftest.c -lrt -lcrypt  >&5
configure:5531: $? = 0
configure:5531: result: yes
configure:5531: checking for getpass
configure:5531: gcc -o conftest -g -O2  -Xlinker --rpath=/usr/local/cs/gcc-5.2.0/lib conftest.c -lrt -lcrypt  >&5
configure:5531: $? = 0
configure:5531: result: yes
configure:5531: checking for gettimeofday
configure:5531: gcc -o conftest -g -O2  -Xlinker --rpath=/usr/local/cs/gcc-5.2.0/lib conftest.c -lrt -lcrypt  >&5
configure:5531: $? = 0
configure:5531: result: yes
configure:5531: checking for inet_ntoa
configure:5531: gcc -o conftest -g -O2  -Xlinker --rpath=/usr/local/cs/gcc-5.2.0/lib conftest.c -lrt -lcrypt  >&5
configure:5531: $? = 0
configure:5531: result: yes
configure:5531: checking for kqueue
configure:5531: gcc -o conftest -g -O2  -Xlinker --rpath=/usr/local/cs/gcc-5.2.0/lib conftest.c -lrt -lcrypt  >&5
/tmp/ccMe7OD6.o: In function `main':
/u/eng/ugrad/yulin/sthttpd-2.27.0/conftest.c:105: undefined reference to `kqueue'
collect2: error: ld returned 1 exit status
configure:5531: $? = 1
configure: failed program was:
| /* confdefs.h */
| #define PACKAGE_NAME "sthttpd"
| #define PACKAGE_TARNAME "sthttpd"
| #define PACKAGE_VERSION "2.27.0"
| #define PACKAGE_STRING "sthttpd 2.27.0"
| #define PACKAGE_BUGREPORT "http://opensource.dyc.edu/bugzilla3"
| #define PACKAGE_URL ""
| #define PACKAGE "sthttpd"
| #define VERSION "2.27.0"
| #define HAVE_LIBCRYPT 1
| #define HAVE_LIBRT 1
| #define STDC_HEADERS 1
| #define HAVE_SYS_TYPES_H 1
| #define HAVE_SYS_STAT_H 1
| #define HAVE_STDLIB_H 1
| #define HAVE_STRING_H 1
| #define HAVE_MEMORY_H 1
| #define HAVE_STRINGS_H 1
| #define HAVE_INTTYPES_H 1
| #define HAVE_STDINT_H 1
| #define HAVE_UNISTD_H 1
| #define HAVE_ARPA_INET_H 1
| #define HAVE_FCNTL_H 1
| #define HAVE_GRP_H 1
| #define HAVE_MEMORY_H 1
| #define HAVE_NETDB_H 1
| #define HAVE_NETINET_IN_H 1
| #define HAVE_PATHS_H 1
| #define HAVE_POLL_H 1
| #define HAVE_STDLIB_H 1
| #define HAVE_STRING_H 1
| #define HAVE_SYS_PARAM_H 1
| #define HAVE_SYS_POLL_H 1
| #define HAVE_SYS_SOCKET_H 1
| #define HAVE_SYS_TIME_H 1
| #define HAVE_SYSLOG_H 1
| #define HAVE_UNISTD_H 1
| #define TIME_WITH_SYS_TIME 1
| #define HAVE_DIRENT_H 1
| #define HAVE_UNISTD_H 1
| #define HAVE_CHOWN 1
| #define HAVE_FORK 1
| #define HAVE_VFORK 1
| #define HAVE_WORKING_VFORK 1
| #define HAVE_WORKING_FORK 1
| #define LSTAT_FOLLOWS_SLASHED_SYMLINK 1
| #define HAVE_STDLIB_H 1
| #define HAVE_MALLOC 1
| #define HAVE_STDLIB_H 1
| #define HAVE_UNISTD_H 1
| #define HAVE_SYS_PARAM_H 1
| #define HAVE_GETPAGESIZE 1
| #define HAVE_MMAP 1
| #define HAVE_WAIT3 1
| #define HAVE_ALARM 1
| #define HAVE_ATOLL 1
| #define HAVE_BZERO 1
| #define HAVE_CLOCK_GETTIME 1
| #define HAVE_DAEMON 1
| #define HAVE_DUP2 1
| #define HAVE_GAI_STRERROR 1
| #define HAVE_GETCWD 1
| #define HAVE_GETADDRINFO 1
| #define HAVE_GETHOSTBYNAME 1
| #define HAVE_GETHOSTNAME 1
| #define HAVE_GETNAMEINFO 1
| #define HAVE_GETPASS 1
| #define HAVE_GETTIMEOFDAY 1
| #define HAVE_INET_NTOA 1
| /* end confdefs.h.  */
| /* Define kqueue to an innocuous variant, in case <limits.h> declares kqueue.
|    For example, HP-UX 11i <limits.h> declares gettimeofday.  */
| #define kqueue innocuous_kqueue
| 
| /* System header to define __stub macros and hopefully few prototypes,
|     which can conflict with char kqueue (); below.
|     Prefer <limits.h> to <assert.h> if __STDC__ is defined, since
|     <limits.h> exists even on freestanding compilers.  */
| 
| #ifdef __STDC__
| # include <limits.h>
| #else
| # include <assert.h>
| #endif
| 
| #undef kqueue
| 
| /* Override any GCC internal prototype to avoid an error.
|    Use char because int might match the return type of a GCC
|    builtin and then its argument prototype would still apply.  */
| #ifdef __cplusplus
| extern "C"
| #endif
| char kqueue ();
| /* The GNU C library defines this for functions which it implements
|     to always fail with ENOSYS.  Some functions are actually named
|     something starting with __ and the normal name is an alias.  */
| #if defined __stub_kqueue || defined __stub___kqueue
| choke me
| #endif
| 
| int
| main ()
| {
| return kqueue ();
|   ;
|   return 0;
| }
configure:5531: result: no
configure:5531: checking for memmove
configure:5531: gcc -o conftest -g -O2  -Xlinker --rpath=/usr/local/cs/gcc-5.2.0/lib conftest.c -lrt -lcrypt  >&5
conftest.c:94:6: warning: conflicting types for built-in function 'memmove'
 char memmove ();
      ^
configure:5531: $? = 0
configure:5531: result: yes
configure:5531: checking for memset
configure:5531: gcc -o conftest -g -O2  -Xlinker --rpath=/usr/local/cs/gcc-5.2.0/lib conftest.c -lrt -lcrypt  >&5
conftest.c:95:6: warning: conflicting types for built-in function 'memset'
 char memset ();
      ^
configure:5531: $? = 0
configure:5531: result: yes
configure:5531: checking for mkdir
configure:5531: gcc -o conftest -g -O2  -Xlinker --rpath=/usr/local/cs/gcc-5.2.0/lib conftest.c -lrt -lcrypt  >&5
configure:5531: $? = 0
configure:5531: result: yes
configure:5531: checking for munmap
configure:5531: gcc -o conftest -g -O2  -Xlinker --rpath=/usr/local/cs/gcc-5.2.0/lib conftest.c -lrt -lcrypt  >&5
configure:5531: $? = 0
configure:5531: result: yes
configure:5531: checking for poll
configure:5531: gcc -o conftest -g -O2  -Xlinker --rpath=/usr/local/cs/gcc-5.2.0/lib conftest.c -lrt -lcrypt  >&5
configure:5531: $? = 0
configure:5531: result: yes
configure:5531: checking for select
configure:5531: gcc -o conftest -g -O2  -Xlinker --rpath=/usr/local/cs/gcc-5.2.0/lib conftest.c -lrt -lcrypt  >&5
configure:5531: $? = 0
configure:5531: result: yes
configure:5531: checking for setlogin
configure:5531: gcc -o conftest -g -O2  -Xlinker --rpath=/usr/local/cs/gcc-5.2.0/lib conftest.c -lrt -lcrypt  >&5
conftest.c:105:1: error: unknown type name 'choke'
 choke me
 ^
conftest.c:108:1: error: expected '=', ',', ';', 'asm' or '__attribute__' before 'int'
 int
 ^
configure:5531: $? = 1
configure: failed program was:
| /* confdefs.h */
| #define PACKAGE_NAME "sthttpd"
| #define PACKAGE_TARNAME "sthttpd"
| #define PACKAGE_VERSION "2.27.0"
| #define PACKAGE_STRING "sthttpd 2.27.0"
| #define PACKAGE_BUGREPORT "http://opensource.dyc.edu/bugzilla3"
| #define PACKAGE_URL ""
| #define PACKAGE "sthttpd"
| #define VERSION "2.27.0"
| #define HAVE_LIBCRYPT 1
| #define HAVE_LIBRT 1
| #define STDC_HEADERS 1
| #define HAVE_SYS_TYPES_H 1
| #define HAVE_SYS_STAT_H 1
| #define HAVE_STDLIB_H 1
| #define HAVE_STRING_H 1
| #define HAVE_MEMORY_H 1
| #define HAVE_STRINGS_H 1
| #define HAVE_INTTYPES_H 1
| #define HAVE_STDINT_H 1
| #define HAVE_UNISTD_H 1
| #define HAVE_ARPA_INET_H 1
| #define HAVE_FCNTL_H 1
| #define HAVE_GRP_H 1
| #define HAVE_MEMORY_H 1
| #define HAVE_NETDB_H 1
| #define HAVE_NETINET_IN_H 1
| #define HAVE_PATHS_H 1
| #define HAVE_POLL_H 1
| #define HAVE_STDLIB_H 1
| #define HAVE_STRING_H 1
| #define HAVE_SYS_PARAM_H 1
| #define HAVE_SYS_POLL_H 1
| #define HAVE_SYS_SOCKET_H 1
| #define HAVE_SYS_TIME_H 1
| #define HAVE_SYSLOG_H 1
| #define HAVE_UNISTD_H 1
| #define TIME_WITH_SYS_TIME 1
| #define HAVE_DIRENT_H 1
| #define HAVE_UNISTD_H 1
| #define HAVE_CHOWN 1
| #define HAVE_FORK 1
| #define HAVE_VFORK 1
| #define HAVE_WORKING_VFORK 1
| #define HAVE_WORKING_FORK 1
| #define LSTAT_FOLLOWS_SLASHED_SYMLINK 1
| #define HAVE_STDLIB_H 1
| #define HAVE_MALLOC 1
| #define HAVE_STDLIB_H 1
| #define HAVE_UNISTD_H 1
| #define HAVE_SYS_PARAM_H 1
| #define HAVE_GETPAGESIZE 1
| #define HAVE_MMAP 1
| #define HAVE_WAIT3 1
| #define HAVE_ALARM 1
| #define HAVE_ATOLL 1
| #define HAVE_BZERO 1
| #define HAVE_CLOCK_GETTIME 1
| #define HAVE_DAEMON 1
| #define HAVE_DUP2 1
| #define HAVE_GAI_STRERROR 1
| #define HAVE_GETCWD 1
| #define HAVE_GETADDRINFO 1
| #define HAVE_GETHOSTBYNAME 1
| #define HAVE_GETHOSTNAME 1
| #define HAVE_GETNAMEINFO 1
| #define HAVE_GETPASS 1
| #define HAVE_GETTIMEOFDAY 1
| #define HAVE_INET_NTOA 1
| #define HAVE_MEMMOVE 1
| #define HAVE_MEMSET 1
| #define HAVE_MKDIR 1
| #define HAVE_MUNMAP 1
| #define HAVE_POLL 1
| #define HAVE_SELECT 1
| /* end confdefs.h.  */
| /* Define setlogin to an innocuous variant, in case <limits.h> declares setlogin.
|    For example, HP-UX 11i <limits.h> declares gettimeofday.  */
| #define setlogin innocuous_setlogin
| 
| /* System header to define __stub macros and hopefully few prototypes,
|     which can conflict with char setlogin (); below.
|     Prefer <limits.h> to <assert.h> if __STDC__ is defined, since
|     <limits.h> exists even on freestanding compilers.  */
| 
| #ifdef __STDC__
| # include <limits.h>
| #else
| # include <assert.h>
| #endif
| 
| #undef setlogin
| 
| /* Override any GCC internal prototype to avoid an error.
|    Use char because int might match the return type of a GCC
|    builtin and then its argument prototype would still apply.  */
| #ifdef __cplusplus
| extern "C"
| #endif
| char setlogin ();
| /* The GNU C library defines this for functions which it implements
|     to always fail with ENOSYS.  Some functions are actually named
|     something starting with __ and the normal name is an alias.  */
| #if defined __stub_setlogin || defined __stub___setlogin
| choke me
| #endif
| 
| int
| main ()
| {
| return setlogin ();
|   ;
|   return 0;
| }
configure:5531: result: no
configure:5531: checking for setsid
configure:5531: gcc -o conftest -g -O2  -Xlinker --rpath=/usr/local/cs/gcc-5.2.0/lib conftest.c -lrt -lcrypt  >&5
configure:5531: $? = 0
configure:5531: result: yes
configure:5531: checking for sigset
configure:5531: gcc -o conftest -g -O2  -Xlinker --rpath=/usr/local/cs/gcc-5.2.0/lib conftest.c -lrt -lcrypt  >&5
configure:5531: $? = 0
configure:5531: result: yes
configure:5531: checking for socket
configure:5531: gcc -o conftest -g -O2  -Xlinker --rpath=/usr/local/cs/gcc-5.2.0/lib conftest.c -lrt -lcrypt  >&5
configure:5531: $? = 0
configure:5531: result: yes
configure:5531: checking for strcasecmp
configure:5531: gcc -o conftest -g -O2  -Xlinker --rpath=/usr/local/cs/gcc-5.2.0/lib conftest.c -lrt -lcrypt  >&5
conftest.c:103:6: warning: conflicting types for built-in function 'strcasecmp'
 char strcasecmp ();
      ^
configure:5531: $? = 0
configure:5531: result: yes
configure:5531: checking for strchr
configure:5531: gcc -o conftest -g -O2  -Xlinker --rpath=/usr/local/cs/gcc-5.2.0/lib conftest.c -lrt -lcrypt  >&5
conftest.c:104:6: warning: conflicting types for built-in function 'strchr'
 char strchr ();
      ^
configure:5531: $? = 0
configure:5531: result: yes
configure:5531: checking for strcspn
configure:5531: gcc -o conftest -g -O2  -Xlinker --rpath=/usr/local/cs/gcc-5.2.0/lib conftest.c -lrt -lcrypt  >&5
conftest.c:105:6: warning: conflicting types for built-in function 'strcspn'
 char strcspn ();
      ^
configure:5531: $? = 0
configure:5531: result: yes
configure:5531: checking for strdup
configure:5531: gcc -o conftest -g -O2  -Xlinker --rpath=/usr/local/cs/gcc-5.2.0/lib conftest.c -lrt -lcrypt  >&5
conftest.c:106:6: warning: conflicting types for built-in function 'strdup'
 char strdup ();
      ^
configure:5531: $? = 0
configure:5531: result: yes
configure:5531: checking for strerror
configure:5531: gcc -o conftest -g -O2  -Xlinker --rpath=/usr/local/cs/gcc-5.2.0/lib conftest.c -lrt -lcrypt  >&5
configure:5531: $? = 0
configure:5531: result: yes
configure:5531: checking for strncasecmp
configure:5531: gcc -o conftest -g -O2  -Xlinker --rpath=/usr/local/cs/gcc-5.2.0/lib conftest.c -lrt -lcrypt  >&5
conftest.c:108:6: warning: conflicting types for built-in function 'strncasecmp'
 char strncasecmp ();
      ^
configure:5531: $? = 0
configure:5531: result: yes
configure:5531: checking for strpbrk
configure:5531: gcc -o conftest -g -O2  -Xlinker --rpath=/usr/local/cs/gcc-5.2.0/lib conftest.c -lrt -lcrypt  >&5
conftest.c:109:6: warning: conflicting types for built-in function 'strpbrk'
 char strpbrk ();
      ^
configure:5531: $? = 0
configure:5531: result: yes
configure:5531: checking for strrchr
configure:5531: gcc -o conftest -g -O2  -Xlinker --rpath=/usr/local/cs/gcc-5.2.0/lib conftest.c -lrt -lcrypt  >&5
conftest.c:110:6: warning: conflicting types for built-in function 'strrchr'
 char strrchr ();
      ^
configure:5531: $? = 0
configure:5531: result: yes
configure:5531: checking for strspn
configure:5531: gcc -o conftest -g -O2  -Xlinker --rpath=/usr/local/cs/gcc-5.2.0/lib conftest.c -lrt -lcrypt  >&5
conftest.c:111:6: warning: conflicting types for built-in function 'strspn'
 char strspn ();
      ^
configure:5531: $? = 0
configure:5531: result: yes
configure:5531: checking for strstr
configure:5531: gcc -o conftest -g -O2  -Xlinker --rpath=/usr/local/cs/gcc-5.2.0/lib conftest.c -lrt -lcrypt  >&5
conftest.c:112:6: warning: conflicting types for built-in function 'strstr'
 char strstr ();
      ^
configure:5531: $? = 0
configure:5531: result: yes
configure:5531: checking for tzset
configure:5531: gcc -o conftest -g -O2  -Xlinker --rpath=/usr/local/cs/gcc-5.2.0/lib conftest.c -lrt -lcrypt  >&5
configure:5531: $? = 0
configure:5531: result: yes
configure:5531: checking for vsnprintf
configure:5531: gcc -o conftest -g -O2  -Xlinker --rpath=/usr/local/cs/gcc-5.2.0/lib conftest.c -lrt -lcrypt  >&5
conftest.c:114:6: warning: conflicting types for built-in function 'vsnprintf'
 char vsnprintf ();
      ^
configure:5531: $? = 0
configure:5531: result: yes
configure:5531: checking for waitpid
configure:5531: gcc -o conftest -g -O2  -Xlinker --rpath=/usr/local/cs/gcc-5.2.0/lib conftest.c -lrt -lcrypt  >&5
configure:5531: $? = 0
configure:5531: result: yes
configure:5665: checking that generated files are newer than configure
configure:5671: result: done
configure:5694: creating ./config.status

## ---------------------- ##
## Running config.status. ##
## ---------------------- ##

This file was extended by sthttpd config.status 2.27.0, which was
generated by GNU Autoconf 2.69.  Invocation command line was

  CONFIG_FILES    = 
  CONFIG_HEADERS  = 
  CONFIG_LINKS    = 
  CONFIG_COMMANDS = 
  $ ./config.status 

on lnxsrv09.seas.ucla.edu

config.status:934: creating Makefile
config.status:934: creating docs/Makefile
config.status:934: creating extras/Makefile
config.status:934: creating scripts/Makefile
config.status:934: creating src/Makefile
config.status:934: creating www/Makefile
config.status:934: creating www/cgi-bin/Makefile
config.status:934: creating config.h
config.status:1115: config.h is unchanged
config.status:1163: executing depfiles commands

## ---------------- ##
## Cache variables. ##
## ---------------- ##

ac_cv_c_compiler_gnu=yes
ac_cv_c_int64_t=yes
ac_cv_env_CC_set=
ac_cv_env_CC_value=
ac_cv_env_CFLAGS_set=
ac_cv_env_CFLAGS_value=
ac_cv_env_CPPFLAGS_set=
ac_cv_env_CPPFLAGS_value=
ac_cv_env_CPP_set=
ac_cv_env_CPP_value=
ac_cv_env_LDFLAGS_set=set
ac_cv_env_LDFLAGS_value='-Xlinker --rpath=/usr/local/cs/gcc-5.2.0/lib'
ac_cv_env_LIBS_set=
ac_cv_env_LIBS_value=
ac_cv_env_WEBDIR_set=
ac_cv_env_WEBDIR_value=
ac_cv_env_WEBGROUP_set=
ac_cv_env_WEBGROUP_value=
ac_cv_env_build_alias_set=
ac_cv_env_build_alias_value=
ac_cv_env_host_alias_set=
ac_cv_env_host_alias_value=
ac_cv_env_target_alias_set=
ac_cv_env_target_alias_value=
ac_cv_func_alarm=yes
ac_cv_func_atoll=yes
ac_cv_func_bzero=yes
ac_cv_func_chown_works=yes
ac_cv_func_clock_gettime=yes
ac_cv_func_daemon=yes
ac_cv_func_dup2=yes
ac_cv_func_fork=yes
ac_cv_func_fork_works=yes
ac_cv_func_gai_strerror=yes
ac_cv_func_getaddrinfo=yes
ac_cv_func_getcwd=yes
ac_cv_func_gethostbyname=yes
ac_cv_func_gethostname=yes
ac_cv_func_getnameinfo=yes
ac_cv_func_getpagesize=yes
ac_cv_func_getpass=yes
ac_cv_func_gettimeofday=yes
ac_cv_func_inet_ntoa=yes
ac_cv_func_kqueue=no
ac_cv_func_lstat_dereferences_slashed_symlink=yes
ac_cv_func_malloc_0_nonnull=yes
ac_cv_func_memmove=yes
ac_cv_func_memset=yes
ac_cv_func_mkdir=yes
ac_cv_func_mmap_fixed_mapped=yes
ac_cv_func_munmap=yes
ac_cv_func_poll=yes
ac_cv_func_select=yes
ac_cv_func_setlogin=no
ac_cv_func_setsid=yes
ac_cv_func_sigset=yes
ac_cv_func_socket=yes
ac_cv_func_strcasecmp=yes
ac_cv_func_strchr=yes
ac_cv_func_strcspn=yes
ac_cv_func_strdup=yes
ac_cv_func_strerror=yes
ac_cv_func_strncasecmp=yes
ac_cv_func_strpbrk=yes
ac_cv_func_strrchr=yes
ac_cv_func_strspn=yes
ac_cv_func_strstr=yes
ac_cv_func_tzset=yes
ac_cv_func_vfork=yes
ac_cv_func_vfork_works=yes
ac_cv_func_vsnprintf=yes
ac_cv_func_wait3_rusage=yes
ac_cv_func_waitpid=yes
ac_cv_header_arpa_inet_h=yes
ac_cv_header_dirent_dirent_h=yes
ac_cv_header_fcntl_h=yes
ac_cv_header_grp_h=yes
ac_cv_header_inttypes_h=yes
ac_cv_header_memory_h=yes
ac_cv_header_netdb_h=yes
ac_cv_header_netinet_in_h=yes
ac_cv_header_osreldate_h=no
ac_cv_header_paths_h=yes
ac_cv_header_poll_h=yes
ac_cv_header_stdc=yes
ac_cv_header_stdint_h=yes
ac_cv_header_stdlib_h=yes
ac_cv_header_string_h=yes
ac_cv_header_strings_h=yes
ac_cv_header_sys_devpoll_h=no
ac_cv_header_sys_event_h=no
ac_cv_header_sys_param_h=yes
ac_cv_header_sys_poll_h=yes
ac_cv_header_sys_socket_h=yes
ac_cv_header_sys_stat_h=yes
ac_cv_header_sys_time_h=yes
ac_cv_header_sys_types_h=yes
ac_cv_header_syslog_h=yes
ac_cv_header_time=yes
ac_cv_header_unistd_h=yes
ac_cv_header_vfork_h=no
ac_cv_lib_crypt_crypt=yes
ac_cv_lib_hstrerror_resolv=no
ac_cv_lib_rt_clock_gettime=yes
ac_cv_objext=o
ac_cv_path_EGREP='/usr/local/cs/bin/grep -E'
ac_cv_path_GREP=/usr/local/cs/bin/grep
ac_cv_path_install='/usr/local/cs/bin/install -c'
ac_cv_path_mkdir=/usr/local/cs/bin/mkdir
ac_cv_prog_AWK=gawk
ac_cv_prog_CPP='gcc -E'
ac_cv_prog_ac_ct_AR=ar
ac_cv_prog_ac_ct_CC=gcc
ac_cv_prog_ac_ct_RANLIB=ranlib
ac_cv_prog_cc_c89=
ac_cv_prog_cc_g=yes
ac_cv_prog_make_make_set=yes
ac_cv_search_opendir='none required'
ac_cv_type_off_t=yes
ac_cv_type_pid_t=yes
ac_cv_type_size_t=yes
ac_cv_type_ssize_t=yes
ac_cv_type_uid_t=yes
am_cv_CC_dependencies_compiler_type=gcc3
am_cv_make_support_nested_variables=yes

## ----------------- ##
## Output variables. ##
## ----------------- ##

ACLOCAL='${SHELL} /u/eng/ugrad/yulin/sthttpd-2.27.0/missing aclocal-1.13'
AMDEPBACKSLASH='\'
AMDEP_FALSE='#'
AMDEP_TRUE=''
AMTAR='$${TAR-tar}'
AM_BACKSLASH='\'
AM_DEFAULT_V='$(AM_DEFAULT_VERBOSITY)'
AM_DEFAULT_VERBOSITY='1'
AM_V='$(V)'
AR='ar'
AUTOCONF='${SHELL} /u/eng/ugrad/yulin/sthttpd-2.27.0/missing autoconf'
AUTOHEADER='${SHELL} /u/eng/ugrad/yulin/sthttpd-2.27.0/missing autoheader'
AUTOMAKE='${SHELL} /u/eng/ugrad/yulin/sthttpd-2.27.0/missing automake-1.13'
AWK='gawk'
CC='gcc'
CCDEPMODE='depmode=gcc3'
CFLAGS='-g -O2'
CPP='gcc -E'
CPPFLAGS=''
CYGPATH_W='echo'
DEFS='-DHAVE_CONFIG_H'
DEPDIR='.deps'
ECHO_C=''
ECHO_N='-n'
ECHO_T=''
EGREP='/usr/local/cs/bin/grep -E'
EXEEXT=''
GREP='/usr/local/cs/bin/grep'
INSTALL_DATA='${INSTALL} -m 644'
INSTALL_PROGRAM='${INSTALL}'
INSTALL_SCRIPT='${INSTALL}'
INSTALL_STRIP_PROGRAM='$(install_sh) -c -s'
LDFLAGS='-Xlinker --rpath=/usr/local/cs/gcc-5.2.0/lib'
LIBOBJS=''
LIBS='-lrt -lcrypt '
LTLIBOBJS=''
MAKEINFO='${SHELL} /u/eng/ugrad/yulin/sthttpd-2.27.0/missing makeinfo'
MKDIR_P='/usr/local/cs/bin/mkdir -p'
OBJEXT='o'
PACKAGE='sthttpd'
PACKAGE_BUGREPORT='http://opensource.dyc.edu/bugzilla3'
PACKAGE_NAME='sthttpd'
PACKAGE_STRING='sthttpd 2.27.0'
PACKAGE_TARNAME='sthttpd'
PACKAGE_URL=''
PACKAGE_VERSION='2.27.0'
PATH_SEPARATOR=':'
RANLIB='ranlib'
SET_MAKE=''
SHELL='/bin/sh'
STRIP=''
VERSION='2.27.0'
WEBDIR='/usr/local/www'
WEBGROUP='thttpd'
ac_ct_CC='gcc'
am__EXEEXT_FALSE=''
am__EXEEXT_TRUE='#'
am__fastdepCC_FALSE='#'
am__fastdepCC_TRUE=''
am__include='include'
am__isrc=''
am__leading_dot='.'
am__nodep='_no'
am__quote=''
am__tar='$${TAR-tar} chof - "$$tardir"'
am__untar='$${TAR-tar} xf -'
bindir='${exec_prefix}/bin'
build_alias=''
datadir='${datarootdir}'
datarootdir='${prefix}/share'
docdir='${datarootdir}/doc/${PACKAGE_TARNAME}'
dvidir='${docdir}'
exec_prefix='${prefix}'
host_alias=''
htmldir='${docdir}'
includedir='${prefix}/include'
infodir='${datarootdir}/info'
install_sh='${SHELL} /u/eng/ugrad/yulin/sthttpd-2.27.0/install-sh'
libdir='${exec_prefix}/lib'
libexecdir='${exec_prefix}/libexec'
localedir='${datarootdir}/locale'
localstatedir='${prefix}/var'
mandir='${datarootdir}/man'
mkdir_p='$(MKDIR_P)'
oldincludedir='/usr/include'
pdfdir='${docdir}'
prefix='/usr/local'
program_transform_name='s,x,x,'
psdir='${docdir}'
sbindir='${exec_prefix}/sbin'
sharedstatedir='${prefix}/com'
sysconfdir='${prefix}/etc'
target_alias=''

## ----------- ##
## confdefs.h. ##
## ----------- ##

/* confdefs.h */
#define PACKAGE_NAME "sthttpd"
#define PACKAGE_TARNAME "sthttpd"
#define PACKAGE_VERSION "2.27.0"
#define PACKAGE_STRING "sthttpd 2.27.0"
#define PACKAGE_BUGREPORT "http://opensource.dyc.edu/bugzilla3"
#define PACKAGE_URL ""
#define PACKAGE "sthttpd"
#define VERSION "2.27.0"
#define HAVE_LIBCRYPT 1
#define HAVE_LIBRT 1
#define STDC_HEADERS 1
#define HAVE_SYS_TYPES_H 1
#define HAVE_SYS_STAT_H 1
#define HAVE_STDLIB_H 1
#define HAVE_STRING_H 1
#define HAVE_MEMORY_H 1
#define HAVE_STRINGS_H 1
#define HAVE_INTTYPES_H 1
#define HAVE_STDINT_H 1
#define HAVE_UNISTD_H 1
#define HAVE_ARPA_INET_H 1
#define HAVE_FCNTL_H 1
#define HAVE_GRP_H 1
#define HAVE_MEMORY_H 1
#define HAVE_NETDB_H 1
#define HAVE_NETINET_IN_H 1
#define HAVE_PATHS_H 1
#define HAVE_POLL_H 1
#define HAVE_STDLIB_H 1
#define HAVE_STRING_H 1
#define HAVE_SYS_PARAM_H 1
#define HAVE_SYS_POLL_H 1
#define HAVE_SYS_SOCKET_H 1
#define HAVE_SYS_TIME_H 1
#define HAVE_SYSLOG_H 1
#define HAVE_UNISTD_H 1
#define TIME_WITH_SYS_TIME 1
#define HAVE_DIRENT_H 1
#define HAVE_UNISTD_H 1
#define HAVE_CHOWN 1
#define HAVE_FORK 1
#define HAVE_VFORK 1
#define HAVE_WORKING_VFORK 1
#define HAVE_WORKING_FORK 1
#define LSTAT_FOLLOWS_SLASHED_SYMLINK 1
#define HAVE_STDLIB_H 1
#define HAVE_MALLOC 1
#define HAVE_STDLIB_H 1
#define HAVE_UNISTD_H 1
#define HAVE_SYS_PARAM_H 1
#define HAVE_GETPAGESIZE 1
#define HAVE_MMAP 1
#define HAVE_WAIT3 1
#define HAVE_ALARM 1
#define HAVE_ATOLL 1
#define HAVE_BZERO 1
#define HAVE_CLOCK_GETTIME 1
#define HAVE_DAEMON 1
#define HAVE_DUP2 1
#define HAVE_GAI_STRERROR 1
#define HAVE_GETCWD 1
#define HAVE_GETADDRINFO 1
#define HAVE_GETHOSTBYNAME 1
#define HAVE_GETHOSTNAME 1
#define HAVE_GETNAMEINFO 1
#define HAVE_GETPASS 1
#define HAVE_GETTIMEOFDAY 1
#define HAVE_INET_NTOA 1
#define HAVE_MEMMOVE 1
#define HAVE_MEMSET 1
#define HAVE_MKDIR 1
#define HAVE_MUNMAP 1
#define HAVE_POLL 1
#define HAVE_SELECT 1
#define HAVE_SETSID 1
#define HAVE_SIGSET 1
#define HAVE_SOCKET 1
#define HAVE_STRCASECMP 1
#define HAVE_STRCHR 1
#define HAVE_STRCSPN 1
#define HAVE_STRDUP 1
#define HAVE_STRERROR 1
#define HAVE_STRNCASECMP 1
#define HAVE_STRPBRK 1
#define HAVE_STRRCHR 1
#define HAVE_STRSPN 1
#define HAVE_STRSTR 1
#define HAVE_TZSET 1
#define HAVE_VSNPRINTF 1
#define HAVE_WAITPID 1

configure: exit 0
